[0.060s] Invoking command in '/home/svaya/JTS_with_FTS/src/build/torq_predictor': CMAKE_PREFIX_PATH=${CMAKE_PREFIX_PATH}:/home/svaya/ros2_control/install/rqt_controller_manager:/home/svaya/ros2_control/install/ros2controlcli:/opt/ros/humble /usr/bin/cmake --build /home/svaya/JTS_with_FTS/src/build/torq_predictor -- -j10 -l10
[0.083s] -- Found ament_cmake: 1.3.5 (/opt/ros/humble/share/ament_cmake/cmake)
[0.202s] -- Found rclcpp: 16.0.6 (/opt/ros/humble/share/rclcpp/cmake)
[0.228s] -- Found rosidl_generator_c: 3.1.5 (/opt/ros/humble/share/rosidl_generator_c/cmake)
[0.230s] -- Found rosidl_adapter: 3.1.5 (/opt/ros/humble/share/rosidl_adapter/cmake)
[0.235s] -- Found rosidl_generator_cpp: 3.1.5 (/opt/ros/humble/share/rosidl_generator_cpp/cmake)
[0.245s] -- Using all available rosidl_typesupport_c: rosidl_typesupport_fastrtps_c;rosidl_typesupport_introspection_c
[0.258s] -- Using all available rosidl_typesupport_cpp: rosidl_typesupport_fastrtps_cpp;rosidl_typesupport_introspection_cpp
[0.308s] -- Found rmw_implementation_cmake: 6.1.1 (/opt/ros/humble/share/rmw_implementation_cmake/cmake)
[0.310s] -- Found rmw_fastrtps_cpp: 6.2.4 (/opt/ros/humble/share/rmw_fastrtps_cpp/cmake)
[0.415s] -- Using RMW implementation 'rmw_fastrtps_cpp' as default
[0.552s] -- Found ament_lint_auto: 0.12.8 (/opt/ros/humble/share/ament_lint_auto/cmake)
[0.607s] -- Added test 'cppcheck' to perform static code analysis on C / C++ code
[0.607s] -- Configured cppcheck include dirs: /home/svaya/JTS_with_FTS/src/torq_predictor/include
[0.607s] -- Configured cppcheck exclude dirs and/or files: 
[0.608s] -- Added test 'lint_cmake' to check CMake code style
[0.609s] -- Added test 'uncrustify' to check C / C++ code style
[0.609s] -- Configured uncrustify additional arguments: 
[0.609s] -- Added test 'xmllint' to check XML markup files
[0.609s] -- Configuring done
[0.617s] -- Generating done
[0.618s] -- Build files have been written to: /home/svaya/JTS_with_FTS/src/build/torq_predictor
[0.652s] [ 50%] [32mBuilding CXX object CMakeFiles/torq_predictor.dir/src/torq_predictor.cpp.o[0m
[0.850s] In file included from [01m[K/home/svaya/JTS_with_FTS/src/torq_predictor/src/torq_predictor.cpp:7[m[K:
[0.850s] [01m[K/home/svaya/JTS_with_FTS/src/torq_predictor/include/torq_predictor/torq_predictor.h:8:10:[m[K [01;31m[Kfatal error: [m[KEigen/Dense: No such file or directory
[0.850s]     8 | #include [01;31m[K<Eigen/Dense>[m[K
[0.850s]       |          [01;31m[K^~~~~~~~~~~~~[m[K
[0.850s] compilation terminated.
[0.852s] gmake[2]: *** [CMakeFiles/torq_predictor.dir/build.make:76: CMakeFiles/torq_predictor.dir/src/torq_predictor.cpp.o] Error 1
[0.853s] gmake[1]: *** [CMakeFiles/Makefile2:137: CMakeFiles/torq_predictor.dir/all] Error 2
[0.853s] gmake: *** [Makefile:146: all] Error 2
[0.855s] Invoked command in '/home/svaya/JTS_with_FTS/src/build/torq_predictor' returned '2': CMAKE_PREFIX_PATH=${CMAKE_PREFIX_PATH}:/home/svaya/ros2_control/install/rqt_controller_manager:/home/svaya/ros2_control/install/ros2controlcli:/opt/ros/humble /usr/bin/cmake --build /home/svaya/JTS_with_FTS/src/build/torq_predictor -- -j10 -l10
