[0.060s] Invoking command in '/home/svaya/JTS_with_FTS/src/build/torq_predictor': CMAKE_PREFIX_PATH=${CMAKE_PREFIX_PATH}:/home/svaya/ros2_control/install/rqt_controller_manager:/home/svaya/ros2_control/install/ros2controlcli:/opt/ros/humble /usr/bin/cmake /home/svaya/JTS_with_FTS/src/torq_predictor -DCMAKE_INSTALL_PREFIX=/home/svaya/JTS_with_FTS/src/install/torq_predictor
[0.213s] -- The C compiler identification is GNU 11.4.0
[0.276s] -- The CXX compiler identification is GNU 11.4.0
[0.289s] -- Detecting C compiler ABI info
[0.364s] -- Detecting C compiler ABI info - done
[0.370s] -- Check for working C compiler: /usr/bin/cc - skipped
[0.370s] -- Detecting C compile features
[0.371s] -- Detecting C compile features - done
[0.374s] -- Detecting CXX compiler ABI info
[0.504s] -- Detecting CXX compiler ABI info - done
[0.511s] -- Check for working CXX compiler: /usr/bin/c++ - skipped
[0.512s] -- Detecting CXX compile features
[0.512s] -- Detecting CXX compile features - done
[0.524s] -- Found ament_cmake: 1.3.5 (/opt/ros/humble/share/ament_cmake/cmake)
[0.684s] -- Found Python3: /usr/bin/python3.10 (found version "3.10.12") found components: Interpreter 
[0.815s] -- Found rclcpp: 16.0.6 (/opt/ros/humble/share/rclcpp/cmake)
[0.879s] -- Found rosidl_generator_c: 3.1.5 (/opt/ros/humble/share/rosidl_generator_c/cmake)
[0.887s] -- Found rosidl_adapter: 3.1.5 (/opt/ros/humble/share/rosidl_adapter/cmake)
[0.898s] -- Found rosidl_generator_cpp: 3.1.5 (/opt/ros/humble/share/rosidl_generator_cpp/cmake)
[0.916s] -- Using all available rosidl_typesupport_c: rosidl_typesupport_fastrtps_c;rosidl_typesupport_introspection_c
[0.940s] -- Using all available rosidl_typesupport_cpp: rosidl_typesupport_fastrtps_cpp;rosidl_typesupport_introspection_cpp
[1.025s] -- Found rmw_implementation_cmake: 6.1.1 (/opt/ros/humble/share/rmw_implementation_cmake/cmake)
[1.030s] -- Found rmw_fastrtps_cpp: 6.2.4 (/opt/ros/humble/share/rmw_fastrtps_cpp/cmake)
[1.259s] -- Found OpenSSL: /usr/lib/x86_64-linux-gnu/libcrypto.so (found version "3.0.2")  
[1.310s] -- Found FastRTPS: /opt/ros/humble/include  
[1.353s] -- Using RMW implementation 'rmw_fastrtps_cpp' as default
[1.369s] -- Looking for pthread.h
[1.440s] -- Looking for pthread.h - found
[1.441s] -- Performing Test CMAKE_HAVE_LIBC_PTHREAD
[1.515s] -- Performing Test CMAKE_HAVE_LIBC_PTHREAD - Success
[1.516s] -- Found Threads: TRUE  
[1.685s] -- Found ament_lint_auto: 0.12.8 (/opt/ros/humble/share/ament_lint_auto/cmake)
[1.764s] -- Added test 'cppcheck' to perform static code analysis on C / C++ code
[1.764s] -- Configured cppcheck include dirs: 
[1.764s] -- Configured cppcheck exclude dirs and/or files: 
[1.765s] -- Added test 'lint_cmake' to check CMake code style
[1.766s] -- Added test 'uncrustify' to check C / C++ code style
[1.766s] -- Configured uncrustify additional arguments: 
[1.767s] -- Added test 'xmllint' to check XML markup files
[1.769s] -- Configuring done
[1.774s] -- Generating done
[1.775s] -- Build files have been written to: /home/svaya/JTS_with_FTS/src/build/torq_predictor
[1.781s] Invoked command in '/home/svaya/JTS_with_FTS/src/build/torq_predictor' returned '0': CMAKE_PREFIX_PATH=${CMAKE_PREFIX_PATH}:/home/svaya/ros2_control/install/rqt_controller_manager:/home/svaya/ros2_control/install/ros2controlcli:/opt/ros/humble /usr/bin/cmake /home/svaya/JTS_with_FTS/src/torq_predictor -DCMAKE_INSTALL_PREFIX=/home/svaya/JTS_with_FTS/src/install/torq_predictor
[1.783s] Invoking command in '/home/svaya/JTS_with_FTS/src/build/torq_predictor': CMAKE_PREFIX_PATH=${CMAKE_PREFIX_PATH}:/home/svaya/ros2_control/install/rqt_controller_manager:/home/svaya/ros2_control/install/ros2controlcli:/opt/ros/humble /usr/bin/cmake --build /home/svaya/JTS_with_FTS/src/build/torq_predictor -- -j10 -l10
[1.834s] [ 50%] [32mBuilding CXX object CMakeFiles/torq_predictor.dir/src/torq_predictor.cpp.o[0m
[1.841s] [01m[K/home/svaya/JTS_with_FTS/src/torq_predictor/src/torq_predictor.cpp:1:10:[m[K [01;31m[Kfatal error: [m[Krclcpp/rclcpp.hpp: No such file or directory
[1.841s]     1 | #include [01;31m[K<rclcpp/rclcpp.hpp>[m[K
[1.841s]       |          [01;31m[K^~~~~~~~~~~~~~~~~~~[m[K
[1.841s] compilation terminated.
[1.842s] gmake[2]: *** [CMakeFiles/torq_predictor.dir/build.make:76: CMakeFiles/torq_predictor.dir/src/torq_predictor.cpp.o] Error 1
[1.842s] gmake[1]: *** [CMakeFiles/Makefile2:137: CMakeFiles/torq_predictor.dir/all] Error 2
[1.842s] gmake: *** [Makefile:146: all] Error 2
[1.844s] Invoked command in '/home/svaya/JTS_with_FTS/src/build/torq_predictor' returned '2': CMAKE_PREFIX_PATH=${CMAKE_PREFIX_PATH}:/home/svaya/ros2_control/install/rqt_controller_manager:/home/svaya/ros2_control/install/ros2controlcli:/opt/ros/humble /usr/bin/cmake --build /home/svaya/JTS_with_FTS/src/build/torq_predictor -- -j10 -l10
