[01m[K/home/svaya/JTS_with_FTS/src/torq_predictor/src/torq_predictor.cpp:[m[K In function â€˜[01m[Kint main(int, char**)[m[Kâ€™:
[01m[K/home/svaya/JTS_with_FTS/src/torq_predictor/src/torq_predictor.cpp:56:33:[m[K [01;31m[Kerror: [m[Kâ€˜[01m[KreadCSV[m[Kâ€™ was not declared in this scope; did you mean â€˜[01m[Kread[m[Kâ€™?
   56 |   Eigen::MatrixXd joint_space = [01;31m[KreadCSV[m[K("180J2.csv");
      |                                 [01;31m[K^~~~~~~[m[K
      |                                 [32m[Kread[m[K
[01m[K/home/svaya/JTS_with_FTS/src/torq_predictor/src/torq_predictor.cpp:69:20:[m[K [01;35m[Kwarning: [m[Kcomparison of integer expressions of different signedness: â€˜[01m[Ksize_t[m[Kâ€™ {aka â€˜[01m[Klong unsigned int[m[Kâ€™} and â€˜[01m[KEigen::Index[m[Kâ€™ {aka â€˜[01m[Klong int[m[Kâ€™} [[01;35m[K]8;;https://gcc.gnu.org/onlinedocs/gcc/Warning-Options.html#index-Wsign-compare-Wsign-compare]8;;[m[K]
   69 |   for(size_t i=3; [01;35m[Ki<joint_space.rows()[m[K; ++i){
      |                   [01;35m[K~^~~~~~~~~~~~~~~~~~~[m[K
[01m[K/home/svaya/JTS_with_FTS/src/torq_predictor/src/torq_predictor.cpp:12:14:[m[K [01;35m[Kwarning: [m[Kunused parameter â€˜[01m[Kargc[m[Kâ€™ [[01;35m[K]8;;https://gcc.gnu.org/onlinedocs/gcc/Warning-Options.html#index-Wunused-parameter-Wunused-parameter]8;;[m[K]
   12 | int main([01;35m[Kint argc[m[K, char** argv) {
      |          [01;35m[K~~~~^~~~[m[K
[01m[K/home/svaya/JTS_with_FTS/src/torq_predictor/src/torq_predictor.cpp:12:27:[m[K [01;35m[Kwarning: [m[Kunused parameter â€˜[01m[Kargv[m[Kâ€™ [[01;35m[K]8;;https://gcc.gnu.org/onlinedocs/gcc/Warning-Options.html#index-Wunused-parameter-Wunused-parameter]8;;[m[K]
   12 | int main(int argc, [01;35m[Kchar** argv[m[K) {
      |                    [01;35m[K~~~~~~~^~~~[m[K
gmake[2]: *** [CMakeFiles/torq_predictor.dir/build.make:76: CMakeFiles/torq_predictor.dir/src/torq_predictor.cpp.o] Error 1
gmake[1]: *** [CMakeFiles/Makefile2:137: CMakeFiles/torq_predictor.dir/all] Error 2
gmake: *** [Makefile:146: all] Error 2
