[0.057s] Invoking command in '/home/svaya/JTS_with_FTS/src/build/torq_predictor': CMAKE_PREFIX_PATH=${CMAKE_PREFIX_PATH}:/home/svaya/ros2_control/install/rqt_controller_manager:/home/svaya/ros2_control/install/ros2controlcli:/opt/ros/humble /usr/bin/cmake --build /home/svaya/JTS_with_FTS/src/build/torq_predictor -- -j10 -l10
[0.080s] -- Found ament_cmake: 1.3.5 (/opt/ros/humble/share/ament_cmake/cmake)
[0.198s] -- Found rclcpp: 16.0.6 (/opt/ros/humble/share/rclcpp/cmake)
[0.222s] -- Found rosidl_generator_c: 3.1.5 (/opt/ros/humble/share/rosidl_generator_c/cmake)
[0.224s] -- Found rosidl_adapter: 3.1.5 (/opt/ros/humble/share/rosidl_adapter/cmake)
[0.229s] -- Found rosidl_generator_cpp: 3.1.5 (/opt/ros/humble/share/rosidl_generator_cpp/cmake)
[0.239s] -- Using all available rosidl_typesupport_c: rosidl_typesupport_fastrtps_c;rosidl_typesupport_introspection_c
[0.252s] -- Using all available rosidl_typesupport_cpp: rosidl_typesupport_fastrtps_cpp;rosidl_typesupport_introspection_cpp
[0.302s] -- Found rmw_implementation_cmake: 6.1.1 (/opt/ros/humble/share/rmw_implementation_cmake/cmake)
[0.303s] -- Found rmw_fastrtps_cpp: 6.2.4 (/opt/ros/humble/share/rmw_fastrtps_cpp/cmake)
[0.405s] -- Using RMW implementation 'rmw_fastrtps_cpp' as default
[0.540s] -- Found ament_lint_auto: 0.12.8 (/opt/ros/humble/share/ament_lint_auto/cmake)
[0.594s] -- Added test 'cppcheck' to perform static code analysis on C / C++ code
[0.595s] -- Configured cppcheck include dirs: /home/svaya/JTS_with_FTS/src/torq_predictor/include
[0.595s] -- Configured cppcheck exclude dirs and/or files: 
[0.595s] -- Added test 'lint_cmake' to check CMake code style
[0.596s] -- Added test 'uncrustify' to check C / C++ code style
[0.596s] -- Configured uncrustify additional arguments: 
[0.596s] -- Added test 'xmllint' to check XML markup files
[0.597s] -- Configuring done
[0.604s] -- Generating done
[0.606s] -- Build files have been written to: /home/svaya/JTS_with_FTS/src/build/torq_predictor
[0.640s] [ 50%] [32mBuilding CXX object CMakeFiles/torq_predictor.dir/src/torq_predictor.cpp.o[0m
[3.004s] [01m[K/home/svaya/JTS_with_FTS/src/torq_predictor/src/torq_predictor.cpp:[m[K In function â€˜[01m[Kint main(int, char**)[m[Kâ€™:
[3.004s] [01m[K/home/svaya/JTS_with_FTS/src/torq_predictor/src/torq_predictor.cpp:56:33:[m[K [01;31m[Kerror: [m[Kâ€˜[01m[KreadCSV[m[Kâ€™ was not declared in this scope; did you mean â€˜[01m[Kread[m[Kâ€™?
[3.004s]    56 |   Eigen::MatrixXd joint_space = [01;31m[KreadCSV[m[K("180J2.csv");
[3.004s]       |                                 [01;31m[K^~~~~~~[m[K
[3.004s]       |                                 [32m[Kread[m[K
[3.021s] [01m[K/home/svaya/JTS_with_FTS/src/torq_predictor/src/torq_predictor.cpp:69:20:[m[K [01;35m[Kwarning: [m[Kcomparison of integer expressions of different signedness: â€˜[01m[Ksize_t[m[Kâ€™ {aka â€˜[01m[Klong unsigned int[m[Kâ€™} and â€˜[01m[KEigen::Index[m[Kâ€™ {aka â€˜[01m[Klong int[m[Kâ€™} [[01;35m[K]8;;https://gcc.gnu.org/onlinedocs/gcc/Warning-Options.html#index-Wsign-compare-Wsign-compare]8;;[m[K]
[3.021s]    69 |   for(size_t i=3; [01;35m[Ki<joint_space.rows()[m[K; ++i){
[3.021s]       |                   [01;35m[K~^~~~~~~~~~~~~~~~~~~[m[K
[3.612s] [01m[K/home/svaya/JTS_with_FTS/src/torq_predictor/src/torq_predictor.cpp:12:14:[m[K [01;35m[Kwarning: [m[Kunused parameter â€˜[01m[Kargc[m[Kâ€™ [[01;35m[K]8;;https://gcc.gnu.org/onlinedocs/gcc/Warning-Options.html#index-Wunused-parameter-Wunused-parameter]8;;[m[K]
[3.612s]    12 | int main([01;35m[Kint argc[m[K, char** argv) {
[3.612s]       |          [01;35m[K~~~~^~~~[m[K
[3.612s] [01m[K/home/svaya/JTS_with_FTS/src/torq_predictor/src/torq_predictor.cpp:12:27:[m[K [01;35m[Kwarning: [m[Kunused parameter â€˜[01m[Kargv[m[Kâ€™ [[01;35m[K]8;;https://gcc.gnu.org/onlinedocs/gcc/Warning-Options.html#index-Wunused-parameter-Wunused-parameter]8;;[m[K]
[3.612s]    12 | int main(int argc, [01;35m[Kchar** argv[m[K) {
[3.612s]       |                    [01;35m[K~~~~~~~^~~~[m[K
[5.095s] gmake[2]: *** [CMakeFiles/torq_predictor.dir/build.make:76: CMakeFiles/torq_predictor.dir/src/torq_predictor.cpp.o] Error 1
[5.095s] gmake[1]: *** [CMakeFiles/Makefile2:137: CMakeFiles/torq_predictor.dir/all] Error 2
[5.095s] gmake: *** [Makefile:146: all] Error 2
[5.097s] Invoked command in '/home/svaya/JTS_with_FTS/src/build/torq_predictor' returned '2': CMAKE_PREFIX_PATH=${CMAKE_PREFIX_PATH}:/home/svaya/ros2_control/install/rqt_controller_manager:/home/svaya/ros2_control/install/ros2controlcli:/opt/ros/humble /usr/bin/cmake --build /home/svaya/JTS_with_FTS/src/build/torq_predictor -- -j10 -l10
