[0.058s] Invoking command in '/home/svaya/JTS_with_FTS/src/build/torq_predictor': CMAKE_PREFIX_PATH=${CMAKE_PREFIX_PATH}:/home/svaya/ros2_control/install/rqt_controller_manager:/home/svaya/ros2_control/install/ros2controlcli:/opt/ros/humble /usr/bin/cmake --build /home/svaya/JTS_with_FTS/src/build/torq_predictor -- -j10 -l10
[0.107s] [ 50%] [32mBuilding CXX object CMakeFiles/torq_predictor.dir/src/torq_predictor.cpp.o[0m
[0.115s] [01m[K/home/svaya/JTS_with_FTS/src/torq_predictor/src/torq_predictor.cpp:1:10:[m[K [01;31m[Kfatal error: [m[Krclcpp/rclcpp.hpp: No such file or directory
[0.115s]     1 | #include [01;31m[K<rclcpp/rclcpp.hpp>[m[K
[0.115s]       |          [01;31m[K^~~~~~~~~~~~~~~~~~~[m[K
[0.115s] compilation terminated.
[0.115s] gmake[2]: *** [CMakeFiles/torq_predictor.dir/build.make:76: CMakeFiles/torq_predictor.dir/src/torq_predictor.cpp.o] Error 1
[0.116s] gmake[1]: *** [CMakeFiles/Makefile2:137: CMakeFiles/torq_predictor.dir/all] Error 2
[0.116s] gmake: *** [Makefile:146: all] Error 2
[0.118s] Invoked command in '/home/svaya/JTS_with_FTS/src/build/torq_predictor' returned '2': CMAKE_PREFIX_PATH=${CMAKE_PREFIX_PATH}:/home/svaya/ros2_control/install/rqt_controller_manager:/home/svaya/ros2_control/install/ros2controlcli:/opt/ros/humble /usr/bin/cmake --build /home/svaya/JTS_with_FTS/src/build/torq_predictor -- -j10 -l10
